<?xml version="1.0" encoding="UTF-8"?>
<coverage generated="1605923526137" clover="3.2.0">
  <project timestamp="1605923526137" name="All files">
    <metrics statements="44" coveredstatements="43" conditionals="35" coveredconditionals="33" methods="8" coveredmethods="6" elements="87" coveredelements="82" complexity="0" loc="44" ncloc="44" packages="1" files="2" classes="2"/>
    <file name="StorageService.js" path="/Users/matheusmarrane/WebstormProjects/coronavirusAppTest/src/services/StorageService.js">
      <metrics statements="6" coveredstatements="6" conditionals="2" coveredconditionals="2" methods="3" coveredmethods="3"/>
      <line num="6" count="8" type="stmt"/>
      <line num="10" count="5" type="stmt"/>
      <line num="14" count="12" type="stmt"/>
      <line num="15" count="12" type="cond" truecount="2" falsecount="0"/>
      <line num="16" count="8" type="stmt"/>
      <line num="18" count="4" type="stmt"/>
    </file>
    <file name="UserService.js" path="/Users/matheusmarrane/WebstormProjects/coronavirusAppTest/src/services/UserService.js">
      <metrics statements="38" coveredstatements="37" conditionals="33" coveredconditionals="31" methods="5" coveredmethods="3"/>
      <line num="6" count="10" type="stmt"/>
      <line num="7" count="10" type="cond" truecount="4" falsecount="0"/>
      <line num="8" count="1" type="stmt"/>
      <line num="10" count="10" type="cond" truecount="4" falsecount="0"/>
      <line num="11" count="1" type="stmt"/>
      <line num="13" count="10" type="cond" truecount="4" falsecount="0"/>
      <line num="14" count="1" type="stmt"/>
      <line num="16" count="10" type="cond" truecount="4" falsecount="0"/>
      <line num="17" count="1" type="stmt"/>
      <line num="19" count="10" type="cond" truecount="2" falsecount="0"/>
      <line num="20" count="1" type="stmt"/>
      <line num="24" count="9" type="stmt"/>
      <line num="25" count="9" type="stmt"/>
      <line num="27" count="9" type="cond" truecount="2" falsecount="0"/>
      <line num="28" count="5" type="stmt"/>
      <line num="30" count="9" type="cond" truecount="2" falsecount="0"/>
      <line num="31" count="1" type="stmt"/>
      <line num="33" count="8" type="stmt"/>
      <line num="34" count="8" type="stmt"/>
      <line num="46" count="3" type="stmt"/>
      <line num="47" count="3" type="stmt"/>
      <line num="48" count="3" type="cond" truecount="1" falsecount="1"/>
      <line num="49" count="3" type="stmt"/>
      <line num="50" count="3" type="stmt"/>
      <line num="51" count="8" type="stmt"/>
      <line num="52" count="8" type="stmt"/>
      <line num="53" count="8" type="cond" truecount="2" falsecount="0"/>
      <line num="54" count="2" type="stmt"/>
      <line num="55" count="6" type="cond" truecount="2" falsecount="0"/>
      <line num="56" count="2" type="stmt"/>
      <line num="58" count="4" type="stmt"/>
      <line num="59" count="4" type="stmt"/>
      <line num="60" count="4" type="cond" truecount="2" falsecount="0"/>
      <line num="61" count="2" type="stmt"/>
      <line num="62" count="2" type="cond" truecount="1" falsecount="1"/>
      <line num="63" count="2" type="stmt"/>
      <line num="65" count="0" type="stmt"/>
      <line num="69" count="3" type="stmt"/>
    </file>
  </project>
</coverage>
