{"/Users/matheusmarrane/WebstormProjects/coronavirusAppTest/src/services/StorageService.js": {"path":"/Users/matheusmarrane/WebstormProjects/coronavirusAppTest/src/services/StorageService.js","statementMap":{"0":{"start":{"line":6,"column":4},"end":{"line":6,"column":60}},"1":{"start":{"line":10,"column":4},"end":{"line":10,"column":40}},"2":{"start":{"line":14,"column":15},"end":{"line":14,"column":47}},"3":{"start":{"line":15,"column":4},"end":{"line":17,"column":5}},"4":{"start":{"line":16,"column":6},"end":{"line":16,"column":30}},"5":{"start":{"line":18,"column":4},"end":{"line":18,"column":16}}},"fnMap":{"0":{"name":"(anonymous_0)","decl":{"start":{"line":5,"column":2},"end":{"line":5,"column":3}},"loc":{"start":{"line":5,"column":32},"end":{"line":7,"column":3}},"line":5},"1":{"name":"(anonymous_1)","decl":{"start":{"line":9,"column":2},"end":{"line":9,"column":3}},"loc":{"start":{"line":9,"column":28},"end":{"line":11,"column":3}},"line":9},"2":{"name":"(anonymous_2)","decl":{"start":{"line":13,"column":2},"end":{"line":13,"column":3}},"loc":{"start":{"line":13,"column":25},"end":{"line":19,"column":3}},"line":13}},"branchMap":{"0":{"loc":{"start":{"line":15,"column":4},"end":{"line":17,"column":5}},"type":"if","locations":[{"start":{"line":15,"column":4},"end":{"line":17,"column":5}},{"start":{"line":15,"column":4},"end":{"line":17,"column":5}}],"line":15}},"s":{"0":8,"1":5,"2":12,"3":12,"4":8,"5":4},"f":{"0":8,"1":5,"2":12},"b":{"0":[8,4]},"_coverageSchema":"1a1c01bbd47fc00a2c39e90264f33305004495a9","hash":"54451bffd549175d2829fc88f0274800a51906b8"}
,"/Users/matheusmarrane/WebstormProjects/coronavirusAppTest/src/services/UserService.js": {"path":"/Users/matheusmarrane/WebstormProjects/coronavirusAppTest/src/services/UserService.js","statementMap":{"0":{"start":{"line":6,"column":22},"end":{"line":6,"column":24}},"1":{"start":{"line":7,"column":4},"end":{"line":9,"column":5}},"2":{"start":{"line":8,"column":6},"end":{"line":8,"column":31}},"3":{"start":{"line":10,"column":4},"end":{"line":12,"column":5}},"4":{"start":{"line":11,"column":6},"end":{"line":11,"column":32}},"5":{"start":{"line":13,"column":4},"end":{"line":15,"column":5}},"6":{"start":{"line":14,"column":6},"end":{"line":14,"column":30}},"7":{"start":{"line":16,"column":4},"end":{"line":18,"column":5}},"8":{"start":{"line":17,"column":6},"end":{"line":17,"column":34}},"9":{"start":{"line":19,"column":4},"end":{"line":23,"column":5}},"10":{"start":{"line":20,"column":6},"end":{"line":22,"column":8}},"11":{"start":{"line":24,"column":23},"end":{"line":24,"column":57}},"12":{"start":{"line":25,"column":16},"end":{"line":25,"column":18}},"13":{"start":{"line":27,"column":4},"end":{"line":29,"column":5}},"14":{"start":{"line":28,"column":6},"end":{"line":28,"column":27}},"15":{"start":{"line":30,"column":4},"end":{"line":32,"column":5}},"16":{"start":{"line":31,"column":6},"end":{"line":31,"column":45}},"17":{"start":{"line":33,"column":4},"end":{"line":33,"column":64}},"18":{"start":{"line":34,"column":4},"end":{"line":34,"column":46}},"19":{"start":{"line":46,"column":19},"end":{"line":46,"column":53}},"20":{"start":{"line":47,"column":16},"end":{"line":47,"column":18}},"21":{"start":{"line":48,"column":4},"end":{"line":68,"column":5}},"22":{"start":{"line":49,"column":6},"end":{"line":49,"column":39}},"23":{"start":{"line":50,"column":6},"end":{"line":67,"column":9}},"24":{"start":{"line":51,"column":23},"end":{"line":51,"column":64}},"25":{"start":{"line":52,"column":23},"end":{"line":52,"column":64}},"26":{"start":{"line":53,"column":8},"end":{"line":66,"column":9}},"27":{"start":{"line":54,"column":10},"end":{"line":54,"column":20}},"28":{"start":{"line":55,"column":15},"end":{"line":66,"column":9}},"29":{"start":{"line":56,"column":10},"end":{"line":56,"column":19}},"30":{"start":{"line":58,"column":22},"end":{"line":58,"column":45}},"31":{"start":{"line":59,"column":22},"end":{"line":59,"column":45}},"32":{"start":{"line":60,"column":10},"end":{"line":64,"column":11}},"33":{"start":{"line":61,"column":12},"end":{"line":61,"column":22}},"34":{"start":{"line":62,"column":17},"end":{"line":64,"column":11}},"35":{"start":{"line":63,"column":12},"end":{"line":63,"column":21}},"36":{"start":{"line":65,"column":10},"end":{"line":65,"column":19}},"37":{"start":{"line":69,"column":4},"end":{"line":69,"column":17}}},"fnMap":{"0":{"name":"(anonymous_0)","decl":{"start":{"line":5,"column":2},"end":{"line":5,"column":3}},"loc":{"start":{"line":5,"column":56},"end":{"line":35,"column":3}},"line":5},"1":{"name":"(anonymous_1)","decl":{"start":{"line":38,"column":2},"end":{"line":38,"column":3}},"loc":{"start":{"line":38,"column":35},"end":{"line":38,"column":37}},"line":38},"2":{"name":"(anonymous_2)","decl":{"start":{"line":42,"column":2},"end":{"line":42,"column":3}},"loc":{"start":{"line":42,"column":64},"end":{"line":42,"column":66}},"line":42},"3":{"name":"(anonymous_3)","decl":{"start":{"line":45,"column":2},"end":{"line":45,"column":3}},"loc":{"start":{"line":45,"column":32},"end":{"line":70,"column":3}},"line":45},"4":{"name":"(anonymous_4)","decl":{"start":{"line":50,"column":17},"end":{"line":50,"column":18}},"loc":{"start":{"line":50,"column":27},"end":{"line":67,"column":7}},"line":50}},"branchMap":{"0":{"loc":{"start":{"line":7,"column":4},"end":{"line":9,"column":5}},"type":"if","locations":[{"start":{"line":7,"column":4},"end":{"line":9,"column":5}},{"start":{"line":7,"column":4},"end":{"line":9,"column":5}}],"line":7},"1":{"loc":{"start":{"line":7,"column":8},"end":{"line":7,"column":34}},"type":"binary-expr","locations":[{"start":{"line":7,"column":8},"end":{"line":7,"column":13}},{"start":{"line":7,"column":17},"end":{"line":7,"column":34}}],"line":7},"2":{"loc":{"start":{"line":10,"column":4},"end":{"line":12,"column":5}},"type":"if","locations":[{"start":{"line":10,"column":4},"end":{"line":12,"column":5}},{"start":{"line":10,"column":4},"end":{"line":12,"column":5}}],"line":10},"3":{"loc":{"start":{"line":10,"column":8},"end":{"line":10,"column":36}},"type":"binary-expr","locations":[{"start":{"line":10,"column":8},"end":{"line":10,"column":14}},{"start":{"line":10,"column":18},"end":{"line":10,"column":36}}],"line":10},"4":{"loc":{"start":{"line":13,"column":4},"end":{"line":15,"column":5}},"type":"if","locations":[{"start":{"line":13,"column":4},"end":{"line":15,"column":5}},{"start":{"line":13,"column":4},"end":{"line":15,"column":5}}],"line":13},"5":{"loc":{"start":{"line":13,"column":8},"end":{"line":13,"column":32}},"type":"binary-expr","locations":[{"start":{"line":13,"column":8},"end":{"line":13,"column":12}},{"start":{"line":13,"column":16},"end":{"line":13,"column":32}}],"line":13},"6":{"loc":{"start":{"line":16,"column":4},"end":{"line":18,"column":5}},"type":"if","locations":[{"start":{"line":16,"column":4},"end":{"line":18,"column":5}},{"start":{"line":16,"column":4},"end":{"line":18,"column":5}}],"line":16},"7":{"loc":{"start":{"line":16,"column":8},"end":{"line":16,"column":34}},"type":"binary-expr","locations":[{"start":{"line":16,"column":8},"end":{"line":16,"column":16}},{"start":{"line":16,"column":20},"end":{"line":16,"column":34}}],"line":16},"8":{"loc":{"start":{"line":19,"column":4},"end":{"line":23,"column":5}},"type":"if","locations":[{"start":{"line":19,"column":4},"end":{"line":23,"column":5}},{"start":{"line":19,"column":4},"end":{"line":23,"column":5}}],"line":19},"9":{"loc":{"start":{"line":27,"column":4},"end":{"line":29,"column":5}},"type":"if","locations":[{"start":{"line":27,"column":4},"end":{"line":29,"column":5}},{"start":{"line":27,"column":4},"end":{"line":29,"column":5}}],"line":27},"10":{"loc":{"start":{"line":30,"column":4},"end":{"line":32,"column":5}},"type":"if","locations":[{"start":{"line":30,"column":4},"end":{"line":32,"column":5}},{"start":{"line":30,"column":4},"end":{"line":32,"column":5}}],"line":30},"11":{"loc":{"start":{"line":45,"column":19},"end":{"line":45,"column":30}},"type":"default-arg","locations":[{"start":{"line":45,"column":28},"end":{"line":45,"column":30}}],"line":45},"12":{"loc":{"start":{"line":48,"column":4},"end":{"line":68,"column":5}},"type":"if","locations":[{"start":{"line":48,"column":4},"end":{"line":68,"column":5}},{"start":{"line":48,"column":4},"end":{"line":68,"column":5}}],"line":48},"13":{"loc":{"start":{"line":53,"column":8},"end":{"line":66,"column":9}},"type":"if","locations":[{"start":{"line":53,"column":8},"end":{"line":66,"column":9}},{"start":{"line":53,"column":8},"end":{"line":66,"column":9}}],"line":53},"14":{"loc":{"start":{"line":55,"column":15},"end":{"line":66,"column":9}},"type":"if","locations":[{"start":{"line":55,"column":15},"end":{"line":66,"column":9}},{"start":{"line":55,"column":15},"end":{"line":66,"column":9}}],"line":55},"15":{"loc":{"start":{"line":60,"column":10},"end":{"line":64,"column":11}},"type":"if","locations":[{"start":{"line":60,"column":10},"end":{"line":64,"column":11}},{"start":{"line":60,"column":10},"end":{"line":64,"column":11}}],"line":60},"16":{"loc":{"start":{"line":62,"column":17},"end":{"line":64,"column":11}},"type":"if","locations":[{"start":{"line":62,"column":17},"end":{"line":64,"column":11}},{"start":{"line":62,"column":17},"end":{"line":64,"column":11}}],"line":62}},"s":{"0":10,"1":10,"2":1,"3":10,"4":1,"5":10,"6":1,"7":10,"8":1,"9":10,"10":1,"11":9,"12":9,"13":9,"14":5,"15":9,"16":1,"17":8,"18":8,"19":3,"20":3,"21":3,"22":3,"23":3,"24":8,"25":8,"26":8,"27":2,"28":6,"29":2,"30":4,"31":4,"32":4,"33":2,"34":2,"35":2,"36":0,"37":3},"f":{"0":10,"1":0,"2":0,"3":3,"4":8},"b":{"0":[1,9],"1":[10,9],"2":[1,9],"3":[10,9],"4":[1,9],"5":[10,9],"6":[1,9],"7":[10,9],"8":[1,9],"9":[5,4],"10":[1,8],"11":[3],"12":[3,0],"13":[2,6],"14":[2,4],"15":[2,2],"16":[2,0]},"_coverageSchema":"1a1c01bbd47fc00a2c39e90264f33305004495a9","hash":"35fd728a6c7fe3f0fea5fb0731bb1309f5f17c15"}
}
