TN:
SF:src/services/StorageService.js
FN:5,(anonymous_0)
FN:9,(anonymous_1)
FN:13,(anonymous_2)
FNF:3
FNH:3
FNDA:8,(anonymous_0)
FNDA:5,(anonymous_1)
FNDA:12,(anonymous_2)
DA:6,8
DA:10,5
DA:14,12
DA:15,12
DA:16,8
DA:18,4
LF:6
LH:6
BRDA:15,0,0,8
BRDA:15,0,1,4
BRF:2
BRH:2
end_of_record
TN:
SF:src/services/UserService.js
FN:5,(anonymous_0)
FN:38,(anonymous_1)
FN:42,(anonymous_2)
FN:45,(anonymous_3)
FN:50,(anonymous_4)
FNF:5
FNH:3
FNDA:10,(anonymous_0)
FNDA:0,(anonymous_1)
FNDA:0,(anonymous_2)
FNDA:3,(anonymous_3)
FNDA:8,(anonymous_4)
DA:6,10
DA:7,10
DA:8,1
DA:10,10
DA:11,1
DA:13,10
DA:14,1
DA:16,10
DA:17,1
DA:19,10
DA:20,1
DA:24,9
DA:25,9
DA:27,9
DA:28,5
DA:30,9
DA:31,1
DA:33,8
DA:34,8
DA:46,3
DA:47,3
DA:48,3
DA:49,3
DA:50,3
DA:51,8
DA:52,8
DA:53,8
DA:54,2
DA:55,6
DA:56,2
DA:58,4
DA:59,4
DA:60,4
DA:61,2
DA:62,2
DA:63,2
DA:65,0
DA:69,3
LF:38
LH:37
BRDA:7,0,0,1
BRDA:7,0,1,9
BRDA:7,1,0,10
BRDA:7,1,1,9
BRDA:10,2,0,1
BRDA:10,2,1,9
BRDA:10,3,0,10
BRDA:10,3,1,9
BRDA:13,4,0,1
BRDA:13,4,1,9
BRDA:13,5,0,10
BRDA:13,5,1,9
BRDA:16,6,0,1
BRDA:16,6,1,9
BRDA:16,7,0,10
BRDA:16,7,1,9
BRDA:19,8,0,1
BRDA:19,8,1,9
BRDA:27,9,0,5
BRDA:27,9,1,4
BRDA:30,10,0,1
BRDA:30,10,1,8
BRDA:45,11,0,3
BRDA:48,12,0,3
BRDA:48,12,1,0
BRDA:53,13,0,2
BRDA:53,13,1,6
BRDA:55,14,0,2
BRDA:55,14,1,4
BRDA:60,15,0,2
BRDA:60,15,1,2
BRDA:62,16,0,2
BRDA:62,16,1,0
BRF:33
BRH:31
end_of_record
